GET /api/items 304  - 276.475 ms

GET / 401 54 - 11.202 ms
GET /favicon.ico 401 54 - 0.437 ms
GET / 401 54 - 0.584 ms
GET /favicon.ico 401 54 - 0.406 ms
GET / 401 54 - 0.368 ms
GET /favicon.ico 401 54 - 0.417 ms
GET / 401 54 - 0.325 ms
GET /favicon.ico 401 54 - 0.296 ms
GET / 401 54 - 13.725 ms
GET /favicon.ico 401 54 - 0.383 ms
POST /api/users/register 201 265 - 88.858 ms
GET /api/items 200 2 - 8.279 ms
POST /api/items 201 151 - 15.039 ms
GET /api/orders 200 2 - 19.226 ms
GET /api/customers 200 2 - 17.553 ms
GET /api/delivery-vehicles 200 2 - 13.472 ms
GET /api/delivery-vehicles 304  - 7.625 ms
POST /api/delivery-vehicles 500 139 - 6.466 ms
POST /api/delivery-vehicles 500 93 - 2.894 ms
POST /api/delivery-vehicles 201 212 - 7.261 ms
GET /api/customers 304  - 5.478 ms
POST /api/customers 201 149 - 7.142 ms
